[2022-03-09|21:43:00][INFO |CUBOID] - Hello World!
[2022-03-09|21:43:00][ERROR|CUBOID] - Hello World!
[2022-03-09|21:43:58][INFO |CUBOID] - Hello World!
[2022-03-09|21:43:58][ERROR|CUBOID] - Hello World!
[2022-03-09|21:44:17][INFO |CUBOID] - Hello World!
[2022-03-09|21:44:17][ERROR|CUBOID] - Hello World!
[2022-03-09|21:44:38][INFO |CUBOID] - Hello World!
[2022-03-09|21:44:38][ERROR|CUBOID] - Hello World!
[2022-03-09|21:45:16][INFO |CUBOID] - Hello World!
[2022-03-09|21:45:16][ERROR|CUBOID] - Hello World!
[2022-03-09|21:45:49][INFO |CUBOID] - Hello World!
[2022-03-09|21:45:49][ERROR|CUBOID] - Hello World!
[2022-03-09|21:45:49][ERROR|CUBOID] - Hello World2
[2022-03-09|21:46:36][INFO |CUBOID] - Hello World!
[2022-03-09|21:46:36][ERROR|CUBOID] - Hello World!
[2022-03-09|21:46:36][ERROR|CUBOID] - Hello World2
[2022-03-10|19:16:07][INFO |CUBOID] - Hello World!
[2022-03-10|19:16:07][ERROR|CUBOID] - Hello World!
[2022-03-10|19:16:07][ERROR|CUBOID] - Hello World2
[2022-03-10|19:16:11][INFO |CUBOID] - Hello World!
[2022-03-10|19:16:11][ERROR|CUBOID] - Hello World!
[2022-03-10|19:16:11][WARN |CUBOID] - !!!!!!!!!!!!!!!!
[2022-03-10|19:16:11][ERROR|CUBOID] - Hello World2
[2022-03-11|21:37:00][DEBUG|CUBOID] - Creating window...
[2022-03-11|21:37:00][DEBUG|CUBOID] - Initialized glfw
[2022-03-11|21:37:00][DEBUG|CUBOID] - Created window
[2022-03-11|21:37:46][DEBUG|CUBOID] - Creating window...
[2022-03-11|21:37:47][DEBUG|CUBOID] - Initialized glfw
[2022-03-11|21:37:47][DEBUG|CUBOID] - Created window
